<?xml version="1.0" encoding="UTF-8"?>
<!-- Generated by org.testng.reporters.JUnitXMLReporter -->
<testsuite ignored="0" hostname="LAPTOP-1S53FNRU" failures="0" tests="2" name="Default test" time="52.898" errors="0" timestamp="2020-05-05T23:28:18 IST">
  <testcase classname="Way2AutomationTestLayerPackage.AlertTestJava" name="VerifyAlertBox" time="2.955"/>
  <testcase classname="Way2AutomationTestLayerPackage.AlertTestJava" name="VerifyInputAlertBox" time="6.099"/>
</testsuite> <!-- Default test -->
