<?xml version="1.0" encoding="UTF-8"?>
<testng-results ignored="0" total="2" passed="2" failed="0" skipped="0">
  <reporter-output>
  </reporter-output>
  <suite started-at="2020-05-05T23:27:25 IST" name="Default suite" finished-at="2020-05-05T23:28:18 IST" duration-ms="52898">
    <groups>
    </groups>
    <test started-at="2020-05-05T23:27:25 IST" name="Default test" finished-at="2020-05-05T23:28:18 IST" duration-ms="52898">
      <class name="Way2AutomationTestLayerPackage.AlertTestJava">
        <test-method is-config="true" signature="startup()[pri:0, instance:Way2AutomationTestLayerPackage.AlertTestJava@4445629]" started-at="2020-05-05T23:27:25 IST" name="startup" finished-at="2020-05-05T23:27:38 IST" duration-ms="12817" status="PASS">
          <reporter-output>
          </reporter-output>
        </test-method> <!-- startup -->
        <test-method signature="VerifyAlertBox()[pri:1, instance:Way2AutomationTestLayerPackage.AlertTestJava@4445629]" started-at="2020-05-05T23:27:38 IST" name="VerifyAlertBox" finished-at="2020-05-05T23:27:41 IST" duration-ms="2955" status="PASS">
          <reporter-output>
          </reporter-output>
        </test-method> <!-- VerifyAlertBox -->
        <test-method is-config="true" signature="browserquit()[pri:0, instance:Way2AutomationTestLayerPackage.AlertTestJava@4445629]" started-at="2020-05-05T23:27:41 IST" name="browserquit" finished-at="2020-05-05T23:27:52 IST" duration-ms="10873" status="PASS">
          <reporter-output>
          </reporter-output>
        </test-method> <!-- browserquit -->
        <test-method is-config="true" signature="startup()[pri:0, instance:Way2AutomationTestLayerPackage.AlertTestJava@4445629]" started-at="2020-05-05T23:27:52 IST" name="startup" finished-at="2020-05-05T23:28:01 IST" duration-ms="9259" status="PASS">
          <reporter-output>
          </reporter-output>
        </test-method> <!-- startup -->
        <test-method signature="VerifyInputAlertBox()[pri:2, instance:Way2AutomationTestLayerPackage.AlertTestJava@4445629]" started-at="2020-05-05T23:28:01 IST" name="VerifyInputAlertBox" finished-at="2020-05-05T23:28:07 IST" duration-ms="6099" status="PASS">
          <reporter-output>
          </reporter-output>
        </test-method> <!-- VerifyInputAlertBox -->
        <test-method is-config="true" signature="browserquit()[pri:0, instance:Way2AutomationTestLayerPackage.AlertTestJava@4445629]" started-at="2020-05-05T23:28:07 IST" name="browserquit" finished-at="2020-05-05T23:28:18 IST" duration-ms="10836" status="PASS">
          <reporter-output>
          </reporter-output>
        </test-method> <!-- browserquit -->
      </class> <!-- Way2AutomationTestLayerPackage.AlertTestJava -->
    </test> <!-- Default test -->
  </suite> <!-- Default suite -->
</testng-results>
